<?xml version="1.0" encoding="UTF-8"?>
<coverage generated="1575492353002" clover="3.2.0">
    <project timestamp="1575492353003" name="All files">
        <metrics statements="177" coveredstatements="142" conditionals="30" coveredconditionals="16" methods="28"
                 coveredmethods="14" elements="235" coveredelements="172" complexity="0" loc="177" ncloc="177"
                 packages="8" files="18" classes="18"/>
        <package name="src">
            <metrics statements="9" coveredstatements="9" conditionals="0" coveredconditionals="0" methods="3"
                     coveredmethods="3"/>
            <file name="app.controller.ts" path="/Users/eyeline/Documents/nestjs/base/src/app.controller.ts">
                <metrics statements="6" coveredstatements="6" conditionals="0" coveredconditionals="0" methods="2"
                         coveredmethods="2"/>
                <line num="1" count="1" type="stmt"/>
                <line num="2" count="1" type="stmt"/>
                <line num="5" count="1" type="stmt"/>
                <line num="6" count="1" type="stmt"/>
                <line num="9" count="1" type="stmt"/>
                <line num="10" count="1" type="stmt"/>
            </file>
            <file name="app.service.ts" path="/Users/eyeline/Documents/nestjs/base/src/app.service.ts">
                <metrics statements="3" coveredstatements="3" conditionals="0" coveredconditionals="0" methods="1"
                         coveredmethods="1"/>
                <line num="1" count="1" type="stmt"/>
                <line num="4" count="1" type="stmt"/>
                <line num="6" count="1" type="stmt"/>
            </file>
        </package>
        <package name="src.common.codeResponse">
            <metrics statements="1" coveredstatements="1" conditionals="0" coveredconditionals="0" methods="0"
                     coveredmethods="0"/>
            <file name="codeError.ts" path="/Users/eyeline/Documents/nestjs/base/src/common/codeResponse/codeError.ts">
                <metrics statements="1" coveredstatements="1" conditionals="0" coveredconditionals="0" methods="0"
                         coveredmethods="0"/>
                <line num="1" count="4" type="stmt"/>
            </file>
        </package>
        <package name="src.common.utilities">
            <metrics statements="37" coveredstatements="37" conditionals="12" coveredconditionals="12" methods="7"
                     coveredmethods="7"/>
            <file name="utilities.ts" path="/Users/eyeline/Documents/nestjs/base/src/common/utilities/utilities.ts">
                <metrics statements="37" coveredstatements="37" conditionals="12" coveredconditionals="12" methods="7"
                         coveredmethods="7"/>
                <line num="2" count="3" type="stmt"/>
                <line num="3" count="3" type="stmt"/>
                <line num="5" count="3" type="stmt"/>
                <line num="7" count="3" type="stmt"/>
                <line num="43" count="3" type="stmt"/>
                <line num="46" count="2" type="cond" truecount="4" falsecount="0"/>
                <line num="47" count="1" type="stmt"/>
                <line num="48" count="1" type="stmt"/>
                <line num="49" count="1" type="stmt"/>
                <line num="50" count="1" type="stmt"/>
                <line num="51" count="5" type="stmt"/>
                <line num="53" count="1" type="stmt"/>
                <line num="55" count="1" type="stmt"/>
                <line num="60" count="2" type="cond" truecount="4" falsecount="0"/>
                <line num="61" count="1" type="stmt"/>
                <line num="62" count="1" type="stmt"/>
                <line num="63" count="1" type="stmt"/>
                <line num="64" count="1" type="stmt"/>
                <line num="65" count="5" type="stmt"/>
                <line num="67" count="1" type="stmt"/>
                <line num="69" count="1" type="stmt"/>
                <line num="74" count="2" type="stmt"/>
                <line num="75" count="2" type="stmt"/>
                <line num="79" count="2" type="stmt"/>
                <line num="83" count="3" type="cond" truecount="2" falsecount="0"/>
                <line num="84" count="2" type="stmt"/>
                <line num="85" count="2" type="stmt"/>
                <line num="86" count="2" type="stmt"/>
                <line num="87" count="2" type="stmt"/>
                <line num="89" count="1" type="stmt"/>
                <line num="94" count="3" type="cond" truecount="2" falsecount="0"/>
                <line num="95" count="2" type="stmt"/>
                <line num="96" count="2" type="stmt"/>
                <line num="97" count="2" type="stmt"/>
                <line num="98" count="2" type="stmt"/>
                <line num="100" count="1" type="stmt"/>
                <line num="105" count="2" type="stmt"/>
            </file>
        </package>
        <package name="src.config">
            <metrics statements="23" coveredstatements="21" conditionals="6" coveredconditionals="4" methods="3"
                     coveredmethods="3"/>
            <file name="config.keys.ts" path="/Users/eyeline/Documents/nestjs/base/src/config/config.keys.ts">
                <metrics statements="8" coveredstatements="8" conditionals="2" coveredconditionals="2" methods="1"
                         coveredmethods="1"/>
                <line num="1" count="2" type="cond" truecount="2" falsecount="0"/>
                <line num="2" count="2" type="stmt"/>
                <line num="3" count="2" type="stmt"/>
                <line num="4" count="2" type="stmt"/>
                <line num="5" count="2" type="stmt"/>
                <line num="6" count="2" type="stmt"/>
                <line num="7" count="2" type="stmt"/>
                <line num="8" count="2" type="stmt"/>
            </file>
            <file name="config.module.ts" path="/Users/eyeline/Documents/nestjs/base/src/config/config.module.ts">
                <metrics statements="3" coveredstatements="3" conditionals="0" coveredconditionals="0" methods="0"
                         coveredmethods="0"/>
                <line num="1" count="2" type="stmt"/>
                <line num="2" count="2" type="stmt"/>
                <line num="13" count="2" type="stmt"/>
            </file>
            <file name="config.service.ts" path="/Users/eyeline/Documents/nestjs/base/src/config/config.service.ts">
                <metrics statements="12" coveredstatements="10" conditionals="4" coveredconditionals="2" methods="2"
                         coveredmethods="2"/>
                <line num="1" count="2" type="stmt"/>
                <line num="2" count="2" type="stmt"/>
                <line num="4" count="2" type="stmt"/>
                <line num="8" count="4" type="stmt"/>
                <line num="9" count="4" type="cond" truecount="1" falsecount="1"/>
                <line num="10" count="4" type="stmt"/>
                <line num="11" count="4" type="stmt"/>
                <line num="12" count="4" type="cond" truecount="1" falsecount="1"/>
                <line num="14" count="0" type="stmt"/>
                <line num="16" count="4" type="stmt"/>
                <line num="19" count="0" type="stmt"/>
                <line num="26" count="2" type="stmt"/>
            </file>
        </package>
        <package name="src.modules.auth">
            <metrics statements="48" coveredstatements="27" conditionals="10" coveredconditionals="0" methods="9"
                     coveredmethods="1"/>
            <file name="auth.controller.ts"
                  path="/Users/eyeline/Documents/nestjs/base/src/modules/auth/auth.controller.ts">
                <metrics statements="9" coveredstatements="6" conditionals="0" coveredconditionals="0" methods="3"
                         coveredmethods="0"/>
                <line num="1" count="4" type="stmt"/>
                <line num="2" count="4" type="stmt"/>
                <line num="3" count="4" type="stmt"/>
                <line num="6" count="4" type="stmt"/>
                <line num="7" count="0" type="stmt"/>
                <line num="11" count="4" type="stmt"/>
                <line num="12" count="0" type="stmt"/>
                <line num="16" count="4" type="stmt"/>
                <line num="17" count="0" type="stmt"/>
            </file>
            <file name="auth.module.ts" path="/Users/eyeline/Documents/nestjs/base/src/modules/auth/auth.module.ts">
                <metrics statements="14" coveredstatements="14" conditionals="0" coveredconditionals="0" methods="1"
                         coveredmethods="1"/>
                <line num="1" count="2" type="stmt"/>
                <line num="2" count="2" type="stmt"/>
                <line num="3" count="2" type="stmt"/>
                <line num="4" count="2" type="stmt"/>
                <line num="6" count="2" type="stmt"/>
                <line num="7" count="2" type="stmt"/>
                <line num="8" count="2" type="stmt"/>
                <line num="9" count="2" type="stmt"/>
                <line num="10" count="2" type="stmt"/>
                <line num="11" count="2" type="stmt"/>
                <line num="12" count="2" type="stmt"/>
                <line num="13" count="2" type="stmt"/>
                <line num="23" count="2" type="stmt"/>
                <line num="36" count="2" type="stmt"/>
            </file>
            <file name="auth.service.ts" path="/Users/eyeline/Documents/nestjs/base/src/modules/auth/auth.service.ts">
                <metrics statements="25" coveredstatements="7" conditionals="10" coveredconditionals="0" methods="5"
                         coveredmethods="0"/>
                <line num="1" count="4" type="stmt"/>
                <line num="2" count="4" type="stmt"/>
                <line num="3" count="4" type="stmt"/>
                <line num="5" count="4" type="stmt"/>
                <line num="6" count="4" type="stmt"/>
                <line num="7" count="4" type="stmt"/>
                <line num="10" count="4" type="stmt"/>
                <line num="13" count="0" type="stmt"/>
                <line num="14" count="0" type="stmt"/>
                <line num="18" count="0" type="stmt"/>
                <line num="19" count="0" type="cond" truecount="0" falsecount="2"/>
                <line num="20" count="0" type="stmt"/>
                <line num="24" count="0" type="cond" truecount="0" falsecount="2"/>
                <line num="25" count="0" type="stmt"/>
                <line num="29" count="0" type="stmt"/>
                <line num="34" count="0" type="stmt"/>
                <line num="42" count="0" type="stmt"/>
                <line num="43" count="0" type="stmt"/>
                <line num="46" count="0" type="cond" truecount="0" falsecount="2"/>
                <line num="47" count="0" type="cond" truecount="0" falsecount="2"/>
                <line num="48" count="0" type="stmt"/>
                <line num="50" count="0" type="stmt"/>
                <line num="57" count="0" type="stmt"/>
                <line num="60" count="0" type="cond" truecount="0" falsecount="2"/>
                <line num="61" count="0" type="stmt"/>
            </file>
        </package>
        <package name="src.modules.auth.dto">
            <metrics statements="11" coveredstatements="11" conditionals="0" coveredconditionals="0" methods="0"
                     coveredmethods="0"/>
            <file name="index.ts" path="/Users/eyeline/Documents/nestjs/base/src/modules/auth/dto/index.ts">
                <metrics statements="2" coveredstatements="2" conditionals="0" coveredconditionals="0" methods="0"
                         coveredmethods="0"/>
                <line num="1" count="4" type="stmt"/>
                <line num="2" count="4" type="stmt"/>
            </file>
            <file name="login.dto.ts" path="/Users/eyeline/Documents/nestjs/base/src/modules/auth/dto/login.dto.ts">
                <metrics statements="4" coveredstatements="4" conditionals="0" coveredconditionals="0" methods="0"
                         coveredmethods="0"/>
                <line num="1" count="4" type="stmt"/>
                <line num="3" count="4" type="stmt"/>
                <line num="6" count="4" type="stmt"/>
                <line num="12" count="4" type="stmt"/>
            </file>
            <file name="register.dto.ts"
                  path="/Users/eyeline/Documents/nestjs/base/src/modules/auth/dto/register.dto.ts">
                <metrics statements="5" coveredstatements="5" conditionals="0" coveredconditionals="0" methods="0"
                         coveredmethods="0"/>
                <line num="1" count="4" type="stmt"/>
                <line num="3" count="4" type="stmt"/>
                <line num="6" count="4" type="stmt"/>
                <line num="10" count="4" type="stmt"/>
                <line num="14" count="4" type="stmt"/>
            </file>
        </package>
        <package name="src.modules.auth.strategies">
            <metrics statements="16" coveredstatements="8" conditionals="2" coveredconditionals="0" methods="2"
                     coveredmethods="0"/>
            <file name="jwt.strategy.ts"
                  path="/Users/eyeline/Documents/nestjs/base/src/modules/auth/strategies/jwt.strategy.ts">
                <metrics statements="16" coveredstatements="8" conditionals="2" coveredconditionals="0" methods="2"
                         coveredmethods="0"/>
                <line num="1" count="2" type="stmt"/>
                <line num="2" count="2" type="stmt"/>
                <line num="3" count="2" type="stmt"/>
                <line num="4" count="2" type="stmt"/>
                <line num="5" count="2" type="stmt"/>
                <line num="6" count="2" type="stmt"/>
                <line num="7" count="2" type="stmt"/>
                <line num="10" count="2" type="stmt"/>
                <line num="13" count="0" type="stmt"/>
                <line num="15" count="0" type="stmt"/>
                <line num="17" count="0" type="stmt"/>
                <line num="24" count="0" type="stmt"/>
                <line num="25" count="0" type="stmt"/>
                <line num="28" count="0" type="cond" truecount="0" falsecount="2"/>
                <line num="29" count="0" type="stmt"/>
                <line num="32" count="0" type="stmt"/>
            </file>
        </package>
        <package name="src.modules.user">
            <metrics statements="32" coveredstatements="28" conditionals="0" coveredconditionals="0" methods="4"
                     coveredmethods="0"/>
            <file name="user.controller.ts"
                  path="/Users/eyeline/Documents/nestjs/base/src/modules/user/user.controller.ts">
                <metrics statements="7" coveredstatements="5" conditionals="0" coveredconditionals="0" methods="2"
                         coveredmethods="0"/>
                <line num="1" count="2" type="stmt"/>
                <line num="2" count="2" type="stmt"/>
                <line num="4" count="2" type="stmt"/>
                <line num="8" count="2" type="stmt"/>
                <line num="9" count="0" type="stmt"/>
                <line num="13" count="2" type="stmt"/>
                <line num="14" count="0" type="stmt"/>
            </file>
            <file name="user.entity.ts" path="/Users/eyeline/Documents/nestjs/base/src/modules/user/user.entity.ts">
                <metrics statements="16" coveredstatements="16" conditionals="0" coveredconditionals="0" methods="0"
                         coveredmethods="0"/>
                <line num="1" count="4" type="stmt"/>
                <line num="4" count="4" type="stmt"/>
                <line num="10" count="4" type="stmt"/>
                <line num="17" count="4" type="stmt"/>
                <line num="24" count="4" type="stmt"/>
                <line num="31" count="4" type="stmt"/>
                <line num="38" count="4" type="stmt"/>
                <line num="45" count="4" type="stmt"/>
                <line num="51" count="4" type="stmt"/>
                <line num="57" count="4" type="stmt"/>
                <line num="64" count="4" type="stmt"/>
                <line num="71" count="4" type="stmt"/>
                <line num="78" count="4" type="stmt"/>
                <line num="84" count="4" type="stmt"/>
                <line num="90" count="4" type="stmt"/>
                <line num="96" count="4" type="stmt"/>
            </file>
            <file name="user.repository.ts"
                  path="/Users/eyeline/Documents/nestjs/base/src/modules/user/user.repository.ts">
                <metrics statements="3" coveredstatements="3" conditionals="0" coveredconditionals="0" methods="0"
                         coveredmethods="0"/>
                <line num="1" count="4" type="stmt"/>
                <line num="2" count="4" type="stmt"/>
                <line num="5" count="4" type="stmt"/>
            </file>
            <file name="user.service.ts" path="/Users/eyeline/Documents/nestjs/base/src/modules/user/user.service.ts">
                <metrics statements="6" coveredstatements="4" conditionals="0" coveredconditionals="0" methods="2"
                         coveredmethods="0"/>
                <line num="1" count="2" type="stmt"/>
                <line num="2" count="2" type="stmt"/>
                <line num="3" count="2" type="stmt"/>
                <line num="7" count="2" type="stmt"/>
                <line num="10" count="0" type="stmt"/>
                <line num="15" count="0" type="stmt"/>
            </file>
        </package>
    </project>
</coverage>
