{
  "/Users/eyeline/Documents/nestjs/base/src/app.controller.ts": {
    "path": "/Users/eyeline/Documents/nestjs/base/src/app.controller.ts",
    "statementMap": {
      "0": {
        "start": {
          "line": 1,
          "column": 0
        },
        "end": {
          "line": 1,
          "column": 49
        }
      },
      "1": {
        "start": {
          "line": 2,
          "column": 0
        },
        "end": {
          "line": 2,
          "column": 43
        }
      },
      "2": {
        "start": {
          "line": 5,
          "column": 0
        },
        "end": {
          "line": 12,
          "column": null
        }
      },
      "3": {
        "start": {
          "line": 6,
          "column": 31
        },
        "end": {
          "line": 6,
          "column": 43
        }
      },
      "4": {
        "start": {
          "line": 10,
          "column": 4
        },
        "end": {
          "line": 10,
          "column": 38
        }
      },
      "5": {
        "start": {
          "line": 9,
          "column": 2
        },
        "end": {
          "line": 11,
          "column": null
        }
      },
      "6": {
        "start": {
          "line": 5,
          "column": 13
        },
        "end": {
          "line": 12,
          "column": null
        }
      },
      "7": {
        "start": {
          "line": 5,
          "column": 13
        },
        "end": {
          "line": 5,
          "column": 26
        }
      }
    },
    "fnMap": {
      "0": {
        "name": "(anonymous_2)",
        "decl": {
          "start": {
            "line": 6,
            "column": 2
          },
          "end": {
            "line": 6,
            "column": 31
          }
        },
        "loc": {
          "start": {
            "line": 6,
            "column": 53
          },
          "end": {
            "line": 6,
            "column": 57
          }
        }
      },
      "1": {
        "name": "(anonymous_3)",
        "decl": {
          "start": {
            "line": 9,
            "column": 2
          },
          "end": {
            "line": 9,
            "column": 10
          }
        },
        "loc": {
          "start": {
            "line": 9,
            "column": 10
          },
          "end": {
            "line": 11,
            "column": 3
          }
        }
      }
    },
    "branchMap": {},
    "s": {
      "0": 1,
      "1": 1,
      "2": 1,
      "3": 1,
      "4": 1,
      "5": 1,
      "6": 1,
      "7": 1
    },
    "f": {
      "0": 1,
      "1": 1
    },
    "b": {}
  },
  "/Users/eyeline/Documents/nestjs/base/src/app.service.ts": {
    "path": "/Users/eyeline/Documents/nestjs/base/src/app.service.ts",
    "statementMap": {
      "0": {
        "start": {
          "line": 1,
          "column": 0
        },
        "end": {
          "line": 1,
          "column": 44
        }
      },
      "1": {
        "start": {
          "line": 4,
          "column": 0
        },
        "end": {
          "line": 8,
          "column": null
        }
      },
      "2": {
        "start": {
          "line": 6,
          "column": 4
        },
        "end": {
          "line": 6,
          "column": 26
        }
      },
      "3": {
        "start": {
          "line": 4,
          "column": 13
        },
        "end": {
          "line": 8,
          "column": null
        }
      },
      "4": {
        "start": {
          "line": 4,
          "column": 13
        },
        "end": {
          "line": 4,
          "column": 23
        }
      }
    },
    "fnMap": {
      "0": {
        "name": "(anonymous_1)",
        "decl": {
          "start": {
            "line": 5,
            "column": 2
          },
          "end": {
            "line": 5,
            "column": 10
          }
        },
        "loc": {
          "start": {
            "line": 5,
            "column": 10
          },
          "end": {
            "line": 7,
            "column": 3
          }
        }
      }
    },
    "branchMap": {},
    "s": {
      "0": 1,
      "1": 1,
      "2": 1,
      "3": 1,
      "4": 1
    },
    "f": {
      "0": 1
    },
    "b": {}
  },
  "/Users/eyeline/Documents/nestjs/base/src/common/codeResponse/codeError.ts": {
    "path": "/Users/eyeline/Documents/nestjs/base/src/common/codeResponse/codeError.ts",
    "statementMap": {
      "0": {
        "start": {
          "line": 1,
          "column": 13
        },
        "end": {
          "line": 26,
          "column": 2
        }
      }
    },
    "fnMap": {},
    "branchMap": {},
    "s": {
      "0": 4
    },
    "f": {},
    "b": {}
  },
  "/Users/eyeline/Documents/nestjs/base/src/common/utilities/utilities.ts": {
    "path": "/Users/eyeline/Documents/nestjs/base/src/common/utilities/utilities.ts",
    "statementMap": {
      "0": {
        "start": {
          "line": 2,
          "column": 0
        },
        "end": {
          "line": 2,
          "column": 44
        }
      },
      "1": {
        "start": {
          "line": 3,
          "column": 0
        },
        "end": {
          "line": 3,
          "column": 34
        }
      },
      "2": {
        "start": {
          "line": 5,
          "column": 14
        },
        "end": {
          "line": 5,
          "column": 31
        }
      },
      "3": {
        "start": {
          "line": 7,
          "column": 12
        },
        "end": {
          "line": 40,
          "column": 2
        }
      },
      "4": {
        "start": {
          "line": 43,
          "column": 0
        },
        "end": {
          "line": 108,
          "column": null
        }
      },
      "5": {
        "start": {
          "line": 46,
          "column": 4
        },
        "end": {
          "line": 56,
          "column": null
        }
      },
      "6": {
        "start": {
          "line": 47,
          "column": 19
        },
        "end": {
          "line": 47,
          "column": 21
        }
      },
      "7": {
        "start": {
          "line": 48,
          "column": 23
        },
        "end": {
          "line": 48,
          "column": 104
        }
      },
      "8": {
        "start": {
          "line": 49,
          "column": 29
        },
        "end": {
          "line": 49,
          "column": 46
        }
      },
      "9": {
        "start": {
          "line": 50,
          "column": 6
        },
        "end": {
          "line": 52,
          "column": null
        }
      },
      "10": {
        "start": {
          "line": 50,
          "column": 19
        },
        "end": {
          "line": 50,
          "column": 20
        }
      },
      "11": {
        "start": {
          "line": 51,
          "column": 8
        },
        "end": {
          "line": 51,
          "column": 82
        }
      },
      "12": {
        "start": {
          "line": 53,
          "column": 6
        },
        "end": {
          "line": 53,
          "column": 20
        }
      },
      "13": {
        "start": {
          "line": 55,
          "column": 6
        },
        "end": {
          "line": 55,
          "column": 21
        }
      },
      "14": {
        "start": {
          "line": 60,
          "column": 4
        },
        "end": {
          "line": 70,
          "column": null
        }
      },
      "15": {
        "start": {
          "line": 61,
          "column": 19
        },
        "end": {
          "line": 61,
          "column": 21
        }
      },
      "16": {
        "start": {
          "line": 62,
          "column": 23
        },
        "end": {
          "line": 62,
          "column": 87
        }
      },
      "17": {
        "start": {
          "line": 63,
          "column": 29
        },
        "end": {
          "line": 63,
          "column": 46
        }
      },
      "18": {
        "start": {
          "line": 64,
          "column": 6
        },
        "end": {
          "line": 66,
          "column": null
        }
      },
      "19": {
        "start": {
          "line": 64,
          "column": 19
        },
        "end": {
          "line": 64,
          "column": 20
        }
      },
      "20": {
        "start": {
          "line": 65,
          "column": 8
        },
        "end": {
          "line": 65,
          "column": 82
        }
      },
      "21": {
        "start": {
          "line": 67,
          "column": 6
        },
        "end": {
          "line": 67,
          "column": 20
        }
      },
      "22": {
        "start": {
          "line": 69,
          "column": 6
        },
        "end": {
          "line": 69,
          "column": 21
        }
      },
      "23": {
        "start": {
          "line": 74,
          "column": 18
        },
        "end": {
          "line": 74,
          "column": 28
        }
      },
      "24": {
        "start": {
          "line": 75,
          "column": 4
        },
        "end": {
          "line": 75,
          "column": 51
        }
      },
      "25": {
        "start": {
          "line": 79,
          "column": 4
        },
        "end": {
          "line": 79,
          "column": 32
        }
      },
      "26": {
        "start": {
          "line": 83,
          "column": 4
        },
        "end": {
          "line": 90,
          "column": null
        }
      },
      "27": {
        "start": {
          "line": 84,
          "column": 24
        },
        "end": {
          "line": 84,
          "column": 55
        }
      },
      "28": {
        "start": {
          "line": 85,
          "column": 21
        },
        "end": {
          "line": 85,
          "column": 77
        }
      },
      "29": {
        "start": {
          "line": 86,
          "column": 29
        },
        "end": {
          "line": 86,
          "column": 54
        }
      },
      "30": {
        "start": {
          "line": 87,
          "column": 6
        },
        "end": {
          "line": 87,
          "column": 55
        }
      },
      "31": {
        "start": {
          "line": 89,
          "column": 6
        },
        "end": {
          "line": 89,
          "column": 21
        }
      },
      "32": {
        "start": {
          "line": 94,
          "column": 4
        },
        "end": {
          "line": 101,
          "column": null
        }
      },
      "33": {
        "start": {
          "line": 95,
          "column": 29
        },
        "end": {
          "line": 95,
          "column": 59
        }
      },
      "34": {
        "start": {
          "line": 96,
          "column": 21
        },
        "end": {
          "line": 96,
          "column": 77
        }
      },
      "35": {
        "start": {
          "line": 97,
          "column": 29
        },
        "end": {
          "line": 97,
          "column": 59
        }
      },
      "36": {
        "start": {
          "line": 98,
          "column": 6
        },
        "end": {
          "line": 98,
          "column": 56
        }
      },
      "37": {
        "start": {
          "line": 100,
          "column": 6
        },
        "end": {
          "line": 100,
          "column": 21
        }
      },
      "38": {
        "start": {
          "line": 105,
          "column": 4
        },
        "end": {
          "line": 105,
          "column": 41
        }
      },
      "39": {
        "start": {
          "line": 43,
          "column": 13
        },
        "end": {
          "line": 108,
          "column": null
        }
      },
      "40": {
        "start": {
          "line": 43,
          "column": 13
        },
        "end": {
          "line": 43,
          "column": 29
        }
      }
    },
    "fnMap": {
      "0": {
        "name": "(anonymous_1)",
        "decl": {
          "start": {
            "line": 45,
            "column": 2
          },
          "end": {
            "line": 45,
            "column": 21
          }
        },
        "loc": {
          "start": {
            "line": 45,
            "column": 36
          },
          "end": {
            "line": 57,
            "column": 3
          }
        }
      },
      "1": {
        "name": "(anonymous_2)",
        "decl": {
          "start": {
            "line": 59,
            "column": 2
          },
          "end": {
            "line": 59,
            "column": 25
          }
        },
        "loc": {
          "start": {
            "line": 59,
            "column": 40
          },
          "end": {
            "line": 71,
            "column": 3
          }
        }
      },
      "2": {
        "name": "(anonymous_3)",
        "decl": {
          "start": {
            "line": 73,
            "column": 2
          },
          "end": {
            "line": 73,
            "column": 18
          }
        },
        "loc": {
          "start": {
            "line": 73,
            "column": 18
          },
          "end": {
            "line": 76,
            "column": 3
          }
        }
      },
      "3": {
        "name": "(anonymous_4)",
        "decl": {
          "start": {
            "line": 78,
            "column": 2
          },
          "end": {
            "line": 78,
            "column": 19
          }
        },
        "loc": {
          "start": {
            "line": 78,
            "column": 19
          },
          "end": {
            "line": 80,
            "column": 3
          }
        }
      },
      "4": {
        "name": "(anonymous_5)",
        "decl": {
          "start": {
            "line": 82,
            "column": 2
          },
          "end": {
            "line": 82,
            "column": 11
          }
        },
        "loc": {
          "start": {
            "line": 82,
            "column": 25
          },
          "end": {
            "line": 91,
            "column": 3
          }
        }
      },
      "5": {
        "name": "(anonymous_6)",
        "decl": {
          "start": {
            "line": 93,
            "column": 2
          },
          "end": {
            "line": 93,
            "column": 14
          }
        },
        "loc": {
          "start": {
            "line": 93,
            "column": 28
          },
          "end": {
            "line": 102,
            "column": 3
          }
        }
      },
      "6": {
        "name": "(anonymous_7)",
        "decl": {
          "start": {
            "line": 104,
            "column": 2
          },
          "end": {
            "line": 104,
            "column": 13
          }
        },
        "loc": {
          "start": {
            "line": 104,
            "column": 13
          },
          "end": {
            "line": 106,
            "column": 3
          }
        }
      }
    },
    "branchMap": {
      "0": {
        "loc": {
          "start": {
            "line": 46,
            "column": 4
          },
          "end": {
            "line": 56,
            "column": null
          }
        },
        "type": "if",
        "locations": [
          {
            "start": {
              "line": 46,
              "column": 4
            },
            "end": {
              "line": 56,
              "column": null
            }
          },
          {
            "start": {
              "line": 46,
              "column": 4
            },
            "end": {
              "line": 56,
              "column": null
            }
          }
        ]
      },
      "1": {
        "loc": {
          "start": {
            "line": 46,
            "column": 8
          },
          "end": {
            "line": 46,
            "column": 18
          }
        },
        "type": "binary-expr",
        "locations": [
          {
            "start": {
              "line": 46,
              "column": 8
            },
            "end": {
              "line": 46,
              "column": 18
            }
          },
          {
            "start": {
              "line": 46,
              "column": 22
            },
            "end": {
              "line": 46,
              "column": 37
            }
          }
        ]
      },
      "2": {
        "loc": {
          "start": {
            "line": 60,
            "column": 4
          },
          "end": {
            "line": 70,
            "column": null
          }
        },
        "type": "if",
        "locations": [
          {
            "start": {
              "line": 60,
              "column": 4
            },
            "end": {
              "line": 70,
              "column": null
            }
          },
          {
            "start": {
              "line": 60,
              "column": 4
            },
            "end": {
              "line": 70,
              "column": null
            }
          }
        ]
      },
      "3": {
        "loc": {
          "start": {
            "line": 60,
            "column": 8
          },
          "end": {
            "line": 60,
            "column": 18
          }
        },
        "type": "binary-expr",
        "locations": [
          {
            "start": {
              "line": 60,
              "column": 8
            },
            "end": {
              "line": 60,
              "column": 18
            }
          },
          {
            "start": {
              "line": 60,
              "column": 22
            },
            "end": {
              "line": 60,
              "column": 37
            }
          }
        ]
      },
      "4": {
        "loc": {
          "start": {
            "line": 83,
            "column": 4
          },
          "end": {
            "line": 90,
            "column": null
          }
        },
        "type": "if",
        "locations": [
          {
            "start": {
              "line": 83,
              "column": 4
            },
            "end": {
              "line": 90,
              "column": null
            }
          },
          {
            "start": {
              "line": 83,
              "column": 4
            },
            "end": {
              "line": 90,
              "column": null
            }
          }
        ]
      },
      "5": {
        "loc": {
          "start": {
            "line": 94,
            "column": 4
          },
          "end": {
            "line": 101,
            "column": null
          }
        },
        "type": "if",
        "locations": [
          {
            "start": {
              "line": 94,
              "column": 4
            },
            "end": {
              "line": 101,
              "column": null
            }
          },
          {
            "start": {
              "line": 94,
              "column": 4
            },
            "end": {
              "line": 101,
              "column": null
            }
          }
        ]
      }
    },
    "s": {
      "0": 3,
      "1": 3,
      "2": 3,
      "3": 3,
      "4": 3,
      "5": 2,
      "6": 1,
      "7": 1,
      "8": 1,
      "9": 1,
      "10": 1,
      "11": 5,
      "12": 1,
      "13": 1,
      "14": 2,
      "15": 1,
      "16": 1,
      "17": 1,
      "18": 1,
      "19": 1,
      "20": 5,
      "21": 1,
      "22": 1,
      "23": 2,
      "24": 2,
      "25": 2,
      "26": 3,
      "27": 2,
      "28": 2,
      "29": 2,
      "30": 2,
      "31": 1,
      "32": 3,
      "33": 2,
      "34": 2,
      "35": 2,
      "36": 2,
      "37": 1,
      "38": 2,
      "39": 3,
      "40": 3
    },
    "f": {
      "0": 2,
      "1": 2,
      "2": 2,
      "3": 2,
      "4": 3,
      "5": 3,
      "6": 2
    },
    "b": {
      "0": [
        1,
        1
      ],
      "1": [
        2,
        1
      ],
      "2": [
        1,
        1
      ],
      "3": [
        2,
        1
      ],
      "4": [
        2,
        1
      ],
      "5": [
        2,
        1
      ]
    }
  },
  "/Users/eyeline/Documents/nestjs/base/src/config/config.keys.ts": {
    "path": "/Users/eyeline/Documents/nestjs/base/src/config/config.keys.ts",
    "statementMap": {
      "0": {
        "start": {
          "line": 1,
          "column": 0
        },
        "end": {
          "line": 1,
          "column": null
        }
      },
      "1": {
        "start": {
          "line": 2,
          "column": 2
        },
        "end": {
          "line": 2,
          "column": null
        }
      },
      "2": {
        "start": {
          "line": 3,
          "column": 2
        },
        "end": {
          "line": 3,
          "column": null
        }
      },
      "3": {
        "start": {
          "line": 4,
          "column": 2
        },
        "end": {
          "line": 4,
          "column": null
        }
      },
      "4": {
        "start": {
          "line": 5,
          "column": 2
        },
        "end": {
          "line": 5,
          "column": null
        }
      },
      "5": {
        "start": {
          "line": 6,
          "column": 2
        },
        "end": {
          "line": 6,
          "column": null
        }
      },
      "6": {
        "start": {
          "line": 7,
          "column": 2
        },
        "end": {
          "line": 7,
          "column": null
        }
      },
      "7": {
        "start": {
          "line": 8,
          "column": 2
        },
        "end": {
          "line": 8,
          "column": null
        }
      }
    },
    "fnMap": {
      "0": {
        "name": "(anonymous_0)",
        "decl": {
          "start": {
            "line": 1,
            "column": 0
          },
          "end": {
            "line": 1,
            "column": 12
          }
        },
        "loc": {
          "start": {
            "line": 1,
            "column": 25
          },
          "end": {
            "line": 9,
            "column": 1
          }
        }
      }
    },
    "branchMap": {
      "0": {
        "loc": {
          "start": {
            "line": 1,
            "column": 12
          },
          "end": {
            "line": 1,
            "column": 25
          }
        },
        "type": "binary-expr",
        "locations": [
          {
            "start": {
              "line": 1,
              "column": 12
            },
            "end": {
              "line": 1,
              "column": 25
            }
          },
          {
            "start": {
              "line": 1,
              "column": 12
            },
            "end": {
              "line": 1,
              "column": null
            }
          }
        ]
      }
    },
    "s": {
      "0": 2,
      "1": 2,
      "2": 2,
      "3": 2,
      "4": 2,
      "5": 2,
      "6": 2,
      "7": 2
    },
    "f": {
      "0": 2
    },
    "b": {
      "0": [
        2,
        2
      ]
    }
  },
  "/Users/eyeline/Documents/nestjs/base/src/config/config.module.ts": {
    "path": "/Users/eyeline/Documents/nestjs/base/src/config/config.module.ts",
    "statementMap": {
      "0": {
        "start": {
          "line": 1,
          "column": 0
        },
        "end": {
          "line": 1,
          "column": 40
        }
      },
      "1": {
        "start": {
          "line": 2,
          "column": 0
        },
        "end": {
          "line": 2,
          "column": 49
        }
      },
      "2": {
        "start": {
          "line": 13,
          "column": 0
        },
        "end": {
          "line": 13,
          "column": null
        }
      },
      "3": {
        "start": {
          "line": 13,
          "column": 13
        },
        "end": {
          "line": 13,
          "column": null
        }
      },
      "4": {
        "start": {
          "line": 13,
          "column": 13
        },
        "end": {
          "line": 13,
          "column": 25
        }
      }
    },
    "fnMap": {},
    "branchMap": {},
    "s": {
      "0": 2,
      "1": 2,
      "2": 2,
      "3": 2,
      "4": 2
    },
    "f": {},
    "b": {}
  },
  "/Users/eyeline/Documents/nestjs/base/src/config/config.service.ts": {
    "path": "/Users/eyeline/Documents/nestjs/base/src/config/config.service.ts",
    "statementMap": {
      "0": {
        "start": {
          "line": 1,
          "column": 0
        },
        "end": {
          "line": 1,
          "column": 25
        }
      },
      "1": {
        "start": {
          "line": 2,
          "column": 0
        },
        "end": {
          "line": 2,
          "column": 31
        }
      },
      "2": {
        "start": {
          "line": 8,
          "column": 29
        },
        "end": {
          "line": 8,
          "column": 66
        }
      },
      "3": {
        "start": {
          "line": 9,
          "column": 4
        },
        "end": {
          "line": 22,
          "column": null
        }
      },
      "4": {
        "start": {
          "line": 10,
          "column": 26
        },
        "end": {
          "line": 10,
          "column": 51
        }
      },
      "5": {
        "start": {
          "line": 11,
          "column": 25
        },
        "end": {
          "line": 11,
          "column": 51
        }
      },
      "6": {
        "start": {
          "line": 12,
          "column": 6
        },
        "end": {
          "line": 17,
          "column": null
        }
      },
      "7": {
        "start": {
          "line": 14,
          "column": 8
        },
        "end": {
          "line": 14,
          "column": 24
        }
      },
      "8": {
        "start": {
          "line": 16,
          "column": 8
        },
        "end": {
          "line": 16,
          "column": 61
        }
      },
      "9": {
        "start": {
          "line": 19,
          "column": 6
        },
        "end": {
          "line": 21,
          "column": 8
        }
      },
      "10": {
        "start": {
          "line": 26,
          "column": 4
        },
        "end": {
          "line": 26,
          "column": 31
        }
      },
      "11": {
        "start": {
          "line": 4,
          "column": 0
        },
        "end": {
          "line": 4,
          "column": 13
        }
      }
    },
    "fnMap": {
      "0": {
        "name": "(anonymous_0)",
        "decl": {
          "start": {
            "line": 7,
            "column": 2
          },
          "end": {
            "line": 7,
            "column": null
          }
        },
        "loc": {
          "start": {
            "line": 7,
            "column": 2
          },
          "end": {
            "line": 23,
            "column": 3
          }
        }
      },
      "1": {
        "name": "(anonymous_1)",
        "decl": {
          "start": {
            "line": 25,
            "column": 2
          },
          "end": {
            "line": 25,
            "column": 5
          }
        },
        "loc": {
          "start": {
            "line": 25,
            "column": 17
          },
          "end": {
            "line": 27,
            "column": 3
          }
        }
      }
    },
    "branchMap": {
      "0": {
        "loc": {
          "start": {
            "line": 9,
            "column": 4
          },
          "end": {
            "line": 22,
            "column": null
          }
        },
        "type": "if",
        "locations": [
          {
            "start": {
              "line": 9,
              "column": 4
            },
            "end": {
              "line": 22,
              "column": null
            }
          },
          {
            "start": {
              "line": 9,
              "column": 4
            },
            "end": {
              "line": 22,
              "column": null
            }
          }
        ]
      },
      "1": {
        "loc": {
          "start": {
            "line": 12,
            "column": 6
          },
          "end": {
            "line": 17,
            "column": null
          }
        },
        "type": "if",
        "locations": [
          {
            "start": {
              "line": 12,
              "column": 6
            },
            "end": {
              "line": 17,
              "column": null
            }
          },
          {
            "start": {
              "line": 12,
              "column": 6
            },
            "end": {
              "line": 17,
              "column": null
            }
          }
        ]
      }
    },
    "s": {
      "0": 2,
      "1": 2,
      "2": 4,
      "3": 4,
      "4": 4,
      "5": 4,
      "6": 4,
      "7": 0,
      "8": 4,
      "9": 0,
      "10": 2,
      "11": 2
    },
    "f": {
      "0": 4,
      "1": 2
    },
    "b": {
      "0": [
        4,
        0
      ],
      "1": [
        0,
        4
      ]
    }
  },
  "/Users/eyeline/Documents/nestjs/base/src/modules/auth/auth.controller.ts": {
    "path": "/Users/eyeline/Documents/nestjs/base/src/modules/auth/auth.controller.ts",
    "statementMap": {
      "0": {
        "start": {
          "line": 1,
          "column": 0
        },
        "end": {
          "line": 1,
          "column": 82
        }
      },
      "1": {
        "start": {
          "line": 2,
          "column": 0
        },
        "end": {
          "line": 2,
          "column": 46
        }
      },
      "2": {
        "start": {
          "line": 3,
          "column": 0
        },
        "end": {
          "line": 3,
          "column": 45
        }
      },
      "3": {
        "start": {
          "line": 6,
          "column": 0
        },
        "end": {
          "line": 19,
          "column": null
        }
      },
      "4": {
        "start": {
          "line": 7,
          "column": 31
        },
        "end": {
          "line": 7,
          "column": 44
        }
      },
      "5": {
        "start": {
          "line": 12,
          "column": 4
        },
        "end": {
          "line": 12,
          "column": 43
        }
      },
      "6": {
        "start": {
          "line": 17,
          "column": 4
        },
        "end": {
          "line": 17,
          "column": 40
        }
      },
      "7": {
        "start": {
          "line": 11,
          "column": 2
        },
        "end": {
          "line": 13,
          "column": null
        }
      },
      "8": {
        "start": {
          "line": 16,
          "column": 2
        },
        "end": {
          "line": 18,
          "column": null
        }
      },
      "9": {
        "start": {
          "line": 6,
          "column": 13
        },
        "end": {
          "line": 19,
          "column": null
        }
      },
      "10": {
        "start": {
          "line": 6,
          "column": 13
        },
        "end": {
          "line": 6,
          "column": 27
        }
      }
    },
    "fnMap": {
      "0": {
        "name": "(anonymous_4)",
        "decl": {
          "start": {
            "line": 7,
            "column": 2
          },
          "end": {
            "line": 7,
            "column": 31
          }
        },
        "loc": {
          "start": {
            "line": 7,
            "column": 55
          },
          "end": {
            "line": 8,
            "column": 3
          }
        }
      },
      "1": {
        "name": "(anonymous_5)",
        "decl": {
          "start": {
            "line": 11,
            "column": 2
          },
          "end": {
            "line": 11,
            "column": 7
          }
        },
        "loc": {
          "start": {
            "line": 11,
            "column": 42
          },
          "end": {
            "line": 13,
            "column": 3
          }
        }
      },
      "2": {
        "name": "(anonymous_6)",
        "decl": {
          "start": {
            "line": 16,
            "column": 2
          },
          "end": {
            "line": 16,
            "column": 7
          }
        },
        "loc": {
          "start": {
            "line": 16,
            "column": 36
          },
          "end": {
            "line": 18,
            "column": 3
          }
        }
      }
    },
    "branchMap": {},
    "s": {
      "0": 4,
      "1": 4,
      "2": 4,
      "3": 4,
      "4": 0,
      "5": 0,
      "6": 0,
      "7": 4,
      "8": 4,
      "9": 4,
      "10": 4
    },
    "f": {
      "0": 0,
      "1": 0,
      "2": 0
    },
    "b": {}
  },
  "/Users/eyeline/Documents/nestjs/base/src/modules/auth/auth.module.ts": {
    "path": "/Users/eyeline/Documents/nestjs/base/src/modules/auth/auth.module.ts",
    "statementMap": {
      "0": {
        "start": {
          "line": 1,
          "column": 0
        },
        "end": {
          "line": 1,
          "column": 40
        }
      },
      "1": {
        "start": {
          "line": 2,
          "column": 0
        },
        "end": {
          "line": 2,
          "column": 51
        }
      },
      "2": {
        "start": {
          "line": 3,
          "column": 0
        },
        "end": {
          "line": 3,
          "column": 45
        }
      },
      "3": {
        "start": {
          "line": 4,
          "column": 0
        },
        "end": {
          "line": 4,
          "column": 48
        }
      },
      "4": {
        "start": {
          "line": 6,
          "column": 0
        },
        "end": {
          "line": 6,
          "column": 60
        }
      },
      "5": {
        "start": {
          "line": 7,
          "column": 0
        },
        "end": {
          "line": 7,
          "column": 56
        }
      },
      "6": {
        "start": {
          "line": 8,
          "column": 0
        },
        "end": {
          "line": 8,
          "column": 50
        }
      },
      "7": {
        "start": {
          "line": 9,
          "column": 0
        },
        "end": {
          "line": 9,
          "column": 40
        }
      },
      "8": {
        "start": {
          "line": 10,
          "column": 0
        },
        "end": {
          "line": 10,
          "column": 58
        }
      },
      "9": {
        "start": {
          "line": 11,
          "column": 0
        },
        "end": {
          "line": 11,
          "column": 57
        }
      },
      "10": {
        "start": {
          "line": 12,
          "column": 0
        },
        "end": {
          "line": 12,
          "column": 68
        }
      },
      "11": {
        "start": {
          "line": 13,
          "column": 0
        },
        "end": {
          "line": 13,
          "column": 57
        }
      },
      "12": {
        "start": {
          "line": 36,
          "column": 23
        },
        "end": {
          "line": 37,
          "column": null
        }
      },
      "13": {
        "start": {
          "line": 36,
          "column": 13
        },
        "end": {
          "line": 37,
          "column": null
        }
      },
      "14": {
        "start": {
          "line": 23,
          "column": 8
        },
        "end": {
          "line": 28,
          "column": 10
        }
      },
      "15": {
        "start": {
          "line": 36,
          "column": 13
        },
        "end": {
          "line": 36,
          "column": 23
        }
      }
    },
    "fnMap": {
      "0": {
        "name": "(anonymous_1)",
        "decl": {
          "start": {
            "line": 22,
            "column": 6
          },
          "end": {
            "line": 22,
            "column": 16
          }
        },
        "loc": {
          "start": {
            "line": 22,
            "column": 38
          },
          "end": {
            "line": 29,
            "column": 7
          }
        }
      }
    },
    "branchMap": {},
    "s": {
      "0": 2,
      "1": 2,
      "2": 2,
      "3": 2,
      "4": 2,
      "5": 2,
      "6": 2,
      "7": 2,
      "8": 2,
      "9": 2,
      "10": 2,
      "11": 2,
      "12": 2,
      "13": 2,
      "14": 2,
      "15": 2
    },
    "f": {
      "0": 2
    },
    "b": {}
  },
  "/Users/eyeline/Documents/nestjs/base/src/modules/auth/auth.service.ts": {
    "path": "/Users/eyeline/Documents/nestjs/base/src/modules/auth/auth.service.ts",
    "statementMap": {
      "0": {
        "start": {
          "line": 1,
          "column": 0
        },
        "end": {
          "line": 1,
          "column": 63
        }
      },
      "1": {
        "start": {
          "line": 2,
          "column": 0
        },
        "end": {
          "line": 2,
          "column": 51
        }
      },
      "2": {
        "start": {
          "line": 3,
          "column": 0
        },
        "end": {
          "line": 3,
          "column": 41
        }
      },
      "3": {
        "start": {
          "line": 5,
          "column": 0
        },
        "end": {
          "line": 5,
          "column": 64
        }
      },
      "4": {
        "start": {
          "line": 6,
          "column": 0
        },
        "end": {
          "line": 6,
          "column": 33
        }
      },
      "5": {
        "start": {
          "line": 7,
          "column": 0
        },
        "end": {
          "line": 7,
          "column": 57
        }
      },
      "6": {
        "start": {
          "line": 10,
          "column": 0
        },
        "end": {
          "line": 65,
          "column": null
        }
      },
      "7": {
        "start": {
          "line": 13,
          "column": 21
        },
        "end": {
          "line": 13,
          "column": 37
        }
      },
      "8": {
        "start": {
          "line": 14,
          "column": 21
        },
        "end": {
          "line": 14,
          "column": 33
        }
      },
      "9": {
        "start": {
          "line": 18,
          "column": 17
        },
        "end": {
          "line": 18,
          "column": 73
        }
      },
      "10": {
        "start": {
          "line": 19,
          "column": 4
        },
        "end": {
          "line": 38,
          "column": null
        }
      },
      "11": {
        "start": {
          "line": 20,
          "column": 6
        },
        "end": {
          "line": 23,
          "column": 8
        }
      },
      "12": {
        "start": {
          "line": 24,
          "column": 11
        },
        "end": {
          "line": 38,
          "column": null
        }
      },
      "13": {
        "start": {
          "line": 25,
          "column": 22
        },
        "end": {
          "line": 28,
          "column": 8
        }
      },
      "14": {
        "start": {
          "line": 29,
          "column": 6
        },
        "end": {
          "line": 32,
          "column": 8
        }
      },
      "15": {
        "start": {
          "line": 34,
          "column": 6
        },
        "end": {
          "line": 37,
          "column": 8
        }
      },
      "16": {
        "start": {
          "line": 42,
          "column": 4
        },
        "end": {
          "line": 53,
          "column": 7
        }
      },
      "17": {
        "start": {
          "line": 43,
          "column": 19
        },
        "end": {
          "line": 45,
          "column": 8
        }
      },
      "18": {
        "start": {
          "line": 46,
          "column": 6
        },
        "end": {
          "line": 52,
          "column": null
        }
      },
      "19": {
        "start": {
          "line": 47,
          "column": 8
        },
        "end": {
          "line": 51,
          "column": null
        }
      },
      "20": {
        "start": {
          "line": 48,
          "column": 10
        },
        "end": {
          "line": 48,
          "column": 24
        }
      },
      "21": {
        "start": {
          "line": 50,
          "column": 10
        },
        "end": {
          "line": 50,
          "column": 24
        }
      },
      "22": {
        "start": {
          "line": 57,
          "column": 23
        },
        "end": {
          "line": 59,
          "column": 6
        }
      },
      "23": {
        "start": {
          "line": 60,
          "column": 4
        },
        "end": {
          "line": 62,
          "column": null
        }
      },
      "24": {
        "start": {
          "line": 61,
          "column": 6
        },
        "end": {
          "line": 61,
          "column": 65
        }
      },
      "25": {
        "start": {
          "line": 10,
          "column": 13
        },
        "end": {
          "line": 65,
          "column": null
        }
      },
      "26": {
        "start": {
          "line": 10,
          "column": 13
        },
        "end": {
          "line": 10,
          "column": 24
        }
      }
    },
    "fnMap": {
      "0": {
        "name": "(anonymous_4)",
        "decl": {
          "start": {
            "line": 11,
            "column": 2
          },
          "end": {
            "line": 11,
            "column": null
          }
        },
        "loc": {
          "start": {
            "line": 14,
            "column": 43
          },
          "end": {
            "line": 15,
            "column": 3
          }
        }
      },
      "1": {
        "name": "(anonymous_5)",
        "decl": {
          "start": {
            "line": 17,
            "column": 2
          },
          "end": {
            "line": 17,
            "column": 7
          }
        },
        "loc": {
          "start": {
            "line": 17,
            "column": 28
          },
          "end": {
            "line": 39,
            "column": 3
          }
        }
      },
      "2": {
        "name": "(anonymous_6)",
        "decl": {
          "start": {
            "line": 41,
            "column": 2
          },
          "end": {
            "line": 41,
            "column": 7
          }
        },
        "loc": {
          "start": {
            "line": 41,
            "column": 42
          },
          "end": {
            "line": 54,
            "column": 3
          }
        }
      },
      "3": {
        "name": "(anonymous_7)",
        "decl": {
          "start": {
            "line": 42,
            "column": 23
          },
          "end": {
            "line": 42,
            "column": 28
          }
        },
        "loc": {
          "start": {
            "line": 42,
            "column": 39
          },
          "end": {
            "line": 53,
            "column": 5
          }
        }
      },
      "4": {
        "name": "(anonymous_8)",
        "decl": {
          "start": {
            "line": 56,
            "column": 2
          },
          "end": {
            "line": 56,
            "column": 7
          }
        },
        "loc": {
          "start": {
            "line": 56,
            "column": 34
          },
          "end": {
            "line": 64,
            "column": 3
          }
        }
      }
    },
    "branchMap": {
      "0": {
        "loc": {
          "start": {
            "line": 19,
            "column": 4
          },
          "end": {
            "line": 38,
            "column": null
          }
        },
        "type": "if",
        "locations": [
          {
            "start": {
              "line": 19,
              "column": 4
            },
            "end": {
              "line": 38,
              "column": null
            }
          },
          {
            "start": {
              "line": 19,
              "column": 4
            },
            "end": {
              "line": 38,
              "column": null
            }
          }
        ]
      },
      "1": {
        "loc": {
          "start": {
            "line": 24,
            "column": 11
          },
          "end": {
            "line": 38,
            "column": null
          }
        },
        "type": "if",
        "locations": [
          {
            "start": {
              "line": 24,
              "column": 11
            },
            "end": {
              "line": 38,
              "column": null
            }
          },
          {
            "start": {
              "line": 24,
              "column": 11
            },
            "end": {
              "line": 38,
              "column": null
            }
          }
        ]
      },
      "2": {
        "loc": {
          "start": {
            "line": 46,
            "column": 6
          },
          "end": {
            "line": 52,
            "column": null
          }
        },
        "type": "if",
        "locations": [
          {
            "start": {
              "line": 46,
              "column": 6
            },
            "end": {
              "line": 52,
              "column": null
            }
          },
          {
            "start": {
              "line": 46,
              "column": 6
            },
            "end": {
              "line": 52,
              "column": null
            }
          }
        ]
      },
      "3": {
        "loc": {
          "start": {
            "line": 47,
            "column": 8
          },
          "end": {
            "line": 51,
            "column": null
          }
        },
        "type": "if",
        "locations": [
          {
            "start": {
              "line": 47,
              "column": 8
            },
            "end": {
              "line": 51,
              "column": null
            }
          },
          {
            "start": {
              "line": 47,
              "column": 8
            },
            "end": {
              "line": 51,
              "column": null
            }
          }
        ]
      },
      "4": {
        "loc": {
          "start": {
            "line": 60,
            "column": 4
          },
          "end": {
            "line": 62,
            "column": null
          }
        },
        "type": "if",
        "locations": [
          {
            "start": {
              "line": 60,
              "column": 4
            },
            "end": {
              "line": 62,
              "column": null
            }
          },
          {
            "start": {
              "line": 60,
              "column": 4
            },
            "end": {
              "line": 62,
              "column": null
            }
          }
        ]
      }
    },
    "s": {
      "0": 4,
      "1": 4,
      "2": 4,
      "3": 4,
      "4": 4,
      "5": 4,
      "6": 4,
      "7": 0,
      "8": 0,
      "9": 0,
      "10": 0,
      "11": 0,
      "12": 0,
      "13": 0,
      "14": 0,
      "15": 0,
      "16": 0,
      "17": 0,
      "18": 0,
      "19": 0,
      "20": 0,
      "21": 0,
      "22": 0,
      "23": 0,
      "24": 0,
      "25": 4,
      "26": 4
    },
    "f": {
      "0": 0,
      "1": 0,
      "2": 0,
      "3": 0,
      "4": 0
    },
    "b": {
      "0": [
        0,
        0
      ],
      "1": [
        0,
        0
      ],
      "2": [
        0,
        0
      ],
      "3": [
        0,
        0
      ],
      "4": [
        0,
        0
      ]
    }
  },
  "/Users/eyeline/Documents/nestjs/base/src/modules/auth/dto/index.ts": {
    "path": "/Users/eyeline/Documents/nestjs/base/src/modules/auth/dto/index.ts",
    "statementMap": {
      "0": {
        "start": {
          "line": 1,
          "column": 0
        },
        "end": {
          "line": 1,
          "column": 9
        }
      },
      "1": {
        "start": {
          "line": 1,
          "column": 9
        },
        "end": {
          "line": 1,
          "column": 39
        }
      },
      "2": {
        "start": {
          "line": 2,
          "column": 0
        },
        "end": {
          "line": 2,
          "column": 9
        }
      },
      "3": {
        "start": {
          "line": 2,
          "column": 9
        },
        "end": {
          "line": 2,
          "column": 45
        }
      }
    },
    "fnMap": {},
    "branchMap": {},
    "s": {
      "0": 4,
      "1": 4,
      "2": 4,
      "3": 4
    },
    "f": {},
    "b": {}
  },
  "/Users/eyeline/Documents/nestjs/base/src/modules/auth/dto/login.dto.ts": {
    "path": "/Users/eyeline/Documents/nestjs/base/src/modules/auth/dto/login.dto.ts",
    "statementMap": {
      "0": {
        "start": {
          "line": 1,
          "column": 0
        },
        "end": {
          "line": 1,
          "column": 86
        }
      },
      "1": {
        "start": {
          "line": 6,
          "column": 4
        },
        "end": {
          "line": 6,
          "column": null
        }
      },
      "2": {
        "start": {
          "line": 12,
          "column": 4
        },
        "end": {
          "line": 12,
          "column": null
        }
      },
      "3": {
        "start": {
          "line": 3,
          "column": 0
        },
        "end": {
          "line": 3,
          "column": 13
        }
      }
    },
    "fnMap": {},
    "branchMap": {},
    "s": {
      "0": 4,
      "1": 4,
      "2": 4,
      "3": 4
    },
    "f": {},
    "b": {}
  },
  "/Users/eyeline/Documents/nestjs/base/src/modules/auth/dto/register.dto.ts": {
    "path": "/Users/eyeline/Documents/nestjs/base/src/modules/auth/dto/register.dto.ts",
    "statementMap": {
      "0": {
        "start": {
          "line": 1,
          "column": 0
        },
        "end": {
          "line": 1,
          "column": 54
        }
      },
      "1": {
        "start": {
          "line": 6,
          "column": 4
        },
        "end": {
          "line": 6,
          "column": null
        }
      },
      "2": {
        "start": {
          "line": 10,
          "column": 4
        },
        "end": {
          "line": 10,
          "column": null
        }
      },
      "3": {
        "start": {
          "line": 14,
          "column": 4
        },
        "end": {
          "line": 14,
          "column": null
        }
      },
      "4": {
        "start": {
          "line": 3,
          "column": 0
        },
        "end": {
          "line": 3,
          "column": 13
        }
      }
    },
    "fnMap": {},
    "branchMap": {},
    "s": {
      "0": 4,
      "1": 4,
      "2": 4,
      "3": 4,
      "4": 4
    },
    "f": {},
    "b": {}
  },
  "/Users/eyeline/Documents/nestjs/base/src/modules/auth/strategies/jwt.strategy.ts": {
    "path": "/Users/eyeline/Documents/nestjs/base/src/modules/auth/strategies/jwt.strategy.ts",
    "statementMap": {
      "0": {
        "start": {
          "line": 1,
          "column": 0
        },
        "end": {
          "line": 1,
          "column": 52
        }
      },
      "1": {
        "start": {
          "line": 2,
          "column": 0
        },
        "end": {
          "line": 2,
          "column": 52
        }
      },
      "2": {
        "start": {
          "line": 3,
          "column": 0
        },
        "end": {
          "line": 3,
          "column": 63
        }
      },
      "3": {
        "start": {
          "line": 4,
          "column": 0
        },
        "end": {
          "line": 4,
          "column": 51
        }
      },
      "4": {
        "start": {
          "line": 5,
          "column": 0
        },
        "end": {
          "line": 5,
          "column": 67
        }
      },
      "5": {
        "start": {
          "line": 6,
          "column": 0
        },
        "end": {
          "line": 6,
          "column": 60
        }
      },
      "6": {
        "start": {
          "line": 7,
          "column": 0
        },
        "end": {
          "line": 7,
          "column": 60
        }
      },
      "7": {
        "start": {
          "line": 10,
          "column": 0
        },
        "end": {
          "line": 34,
          "column": null
        }
      },
      "8": {
        "start": {
          "line": 17,
          "column": 4
        },
        "end": {
          "line": 20,
          "column": 7
        }
      },
      "9": {
        "start": {
          "line": 13,
          "column": 21
        },
        "end": {
          "line": 13,
          "column": 36
        }
      },
      "10": {
        "start": {
          "line": 15,
          "column": 21
        },
        "end": {
          "line": 15,
          "column": 37
        }
      },
      "11": {
        "start": {
          "line": 24,
          "column": 22
        },
        "end": {
          "line": 24,
          "column": 29
        }
      },
      "12": {
        "start": {
          "line": 25,
          "column": 17
        },
        "end": {
          "line": 27,
          "column": 6
        }
      },
      "13": {
        "start": {
          "line": 28,
          "column": 4
        },
        "end": {
          "line": 30,
          "column": null
        }
      },
      "14": {
        "start": {
          "line": 29,
          "column": 6
        },
        "end": {
          "line": 29,
          "column": 40
        }
      },
      "15": {
        "start": {
          "line": 32,
          "column": 4
        },
        "end": {
          "line": 32,
          "column": 19
        }
      },
      "16": {
        "start": {
          "line": 10,
          "column": 13
        },
        "end": {
          "line": 34,
          "column": null
        }
      },
      "17": {
        "start": {
          "line": 10,
          "column": 13
        },
        "end": {
          "line": 10,
          "column": 24
        }
      }
    },
    "fnMap": {
      "0": {
        "name": "(anonymous_4)",
        "decl": {
          "start": {
            "line": 12,
            "column": 2
          },
          "end": {
            "line": 12,
            "column": null
          }
        },
        "loc": {
          "start": {
            "line": 15,
            "column": 51
          },
          "end": {
            "line": 21,
            "column": 3
          }
        }
      },
      "1": {
        "name": "(anonymous_5)",
        "decl": {
          "start": {
            "line": 23,
            "column": 2
          },
          "end": {
            "line": 23,
            "column": 7
          }
        },
        "loc": {
          "start": {
            "line": 23,
            "column": 24
          },
          "end": {
            "line": 33,
            "column": 3
          }
        }
      }
    },
    "branchMap": {
      "0": {
        "loc": {
          "start": {
            "line": 28,
            "column": 4
          },
          "end": {
            "line": 30,
            "column": null
          }
        },
        "type": "if",
        "locations": [
          {
            "start": {
              "line": 28,
              "column": 4
            },
            "end": {
              "line": 30,
              "column": null
            }
          },
          {
            "start": {
              "line": 28,
              "column": 4
            },
            "end": {
              "line": 30,
              "column": null
            }
          }
        ]
      }
    },
    "s": {
      "0": 2,
      "1": 2,
      "2": 2,
      "3": 2,
      "4": 2,
      "5": 2,
      "6": 2,
      "7": 2,
      "8": 0,
      "9": 0,
      "10": 0,
      "11": 0,
      "12": 0,
      "13": 0,
      "14": 0,
      "15": 0,
      "16": 2,
      "17": 2
    },
    "f": {
      "0": 0,
      "1": 0
    },
    "b": {
      "0": [
        0,
        0
      ]
    }
  },
  "/Users/eyeline/Documents/nestjs/base/src/modules/user/user.controller.ts": {
    "path": "/Users/eyeline/Documents/nestjs/base/src/modules/user/user.controller.ts",
    "statementMap": {
      "0": {
        "start": {
          "line": 1,
          "column": 0
        },
        "end": {
          "line": 1,
          "column": 66
        }
      },
      "1": {
        "start": {
          "line": 2,
          "column": 0
        },
        "end": {
          "line": 2,
          "column": 45
        }
      },
      "2": {
        "start": {
          "line": 4,
          "column": 0
        },
        "end": {
          "line": 4,
          "column": 45
        }
      },
      "3": {
        "start": {
          "line": 8,
          "column": 0
        },
        "end": {
          "line": 16,
          "column": null
        }
      },
      "4": {
        "start": {
          "line": 9,
          "column": 31
        },
        "end": {
          "line": 9,
          "column": 44
        }
      },
      "5": {
        "start": {
          "line": 14,
          "column": 4
        },
        "end": {
          "line": 14,
          "column": 40
        }
      },
      "6": {
        "start": {
          "line": 13,
          "column": 2
        },
        "end": {
          "line": 15,
          "column": null
        }
      },
      "7": {
        "start": {
          "line": 8,
          "column": 13
        },
        "end": {
          "line": 16,
          "column": null
        }
      },
      "8": {
        "start": {
          "line": 8,
          "column": 13
        },
        "end": {
          "line": 8,
          "column": 27
        }
      }
    },
    "fnMap": {
      "0": {
        "name": "(anonymous_2)",
        "decl": {
          "start": {
            "line": 9,
            "column": 2
          },
          "end": {
            "line": 9,
            "column": 31
          }
        },
        "loc": {
          "start": {
            "line": 9,
            "column": 55
          },
          "end": {
            "line": 10,
            "column": 3
          }
        }
      },
      "1": {
        "name": "(anonymous_3)",
        "decl": {
          "start": {
            "line": 13,
            "column": 2
          },
          "end": {
            "line": 13,
            "column": 7
          }
        },
        "loc": {
          "start": {
            "line": 13,
            "column": 11
          },
          "end": {
            "line": 15,
            "column": 3
          }
        }
      }
    },
    "branchMap": {},
    "s": {
      "0": 2,
      "1": 2,
      "2": 2,
      "3": 2,
      "4": 0,
      "5": 0,
      "6": 2,
      "7": 2,
      "8": 2
    },
    "f": {
      "0": 0,
      "1": 0
    },
    "b": {}
  },
  "/Users/eyeline/Documents/nestjs/base/src/modules/user/user.entity.ts": {
    "path": "/Users/eyeline/Documents/nestjs/base/src/modules/user/user.entity.ts",
    "statementMap": {
      "0": {
        "start": {
          "line": 1,
          "column": 0
        },
        "end": {
          "line": 1,
          "column": 65
        }
      },
      "1": {
        "start": {
          "line": 4,
          "column": 0
        },
        "end": {
          "line": 97,
          "column": null
        }
      },
      "2": {
        "start": {
          "line": 10,
          "column": 2
        },
        "end": {
          "line": 10,
          "column": null
        }
      },
      "3": {
        "start": {
          "line": 17,
          "column": 2
        },
        "end": {
          "line": 17,
          "column": null
        }
      },
      "4": {
        "start": {
          "line": 24,
          "column": 2
        },
        "end": {
          "line": 24,
          "column": null
        }
      },
      "5": {
        "start": {
          "line": 31,
          "column": 2
        },
        "end": {
          "line": 31,
          "column": null
        }
      },
      "6": {
        "start": {
          "line": 38,
          "column": 2
        },
        "end": {
          "line": 38,
          "column": null
        }
      },
      "7": {
        "start": {
          "line": 45,
          "column": 2
        },
        "end": {
          "line": 45,
          "column": null
        }
      },
      "8": {
        "start": {
          "line": 51,
          "column": 2
        },
        "end": {
          "line": 51,
          "column": null
        }
      },
      "9": {
        "start": {
          "line": 57,
          "column": 2
        },
        "end": {
          "line": 57,
          "column": null
        }
      },
      "10": {
        "start": {
          "line": 64,
          "column": 2
        },
        "end": {
          "line": 64,
          "column": null
        }
      },
      "11": {
        "start": {
          "line": 71,
          "column": 2
        },
        "end": {
          "line": 71,
          "column": null
        }
      },
      "12": {
        "start": {
          "line": 78,
          "column": 2
        },
        "end": {
          "line": 78,
          "column": null
        }
      },
      "13": {
        "start": {
          "line": 84,
          "column": 2
        },
        "end": {
          "line": 84,
          "column": null
        }
      },
      "14": {
        "start": {
          "line": 90,
          "column": 2
        },
        "end": {
          "line": 90,
          "column": null
        }
      },
      "15": {
        "start": {
          "line": 96,
          "column": 2
        },
        "end": {
          "line": 96,
          "column": null
        }
      },
      "16": {
        "start": {
          "line": 4,
          "column": 13
        },
        "end": {
          "line": 97,
          "column": null
        }
      },
      "17": {
        "start": {
          "line": 4,
          "column": 13
        },
        "end": {
          "line": 4,
          "column": 17
        }
      }
    },
    "fnMap": {},
    "branchMap": {},
    "s": {
      "0": 4,
      "1": 4,
      "2": 4,
      "3": 4,
      "4": 4,
      "5": 4,
      "6": 4,
      "7": 4,
      "8": 4,
      "9": 4,
      "10": 4,
      "11": 4,
      "12": 4,
      "13": 4,
      "14": 4,
      "15": 4,
      "16": 4,
      "17": 4
    },
    "f": {},
    "b": {}
  },
  "/Users/eyeline/Documents/nestjs/base/src/modules/user/user.repository.ts": {
    "path": "/Users/eyeline/Documents/nestjs/base/src/modules/user/user.repository.ts",
    "statementMap": {
      "0": {
        "start": {
          "line": 1,
          "column": 0
        },
        "end": {
          "line": 1,
          "column": 55
        }
      },
      "1": {
        "start": {
          "line": 2,
          "column": 0
        },
        "end": {
          "line": 2,
          "column": 37
        }
      },
      "2": {
        "start": {
          "line": 5,
          "column": 0
        },
        "end": {
          "line": 5,
          "column": null
        }
      },
      "3": {
        "start": {
          "line": 5,
          "column": 13
        },
        "end": {
          "line": 5,
          "column": null
        }
      },
      "4": {
        "start": {
          "line": 5,
          "column": 13
        },
        "end": {
          "line": 5,
          "column": 27
        }
      }
    },
    "fnMap": {},
    "branchMap": {},
    "s": {
      "0": 4,
      "1": 4,
      "2": 4,
      "3": 4,
      "4": 4
    },
    "f": {},
    "b": {}
  },
  "/Users/eyeline/Documents/nestjs/base/src/modules/user/user.service.ts": {
    "path": "/Users/eyeline/Documents/nestjs/base/src/modules/user/user.service.ts",
    "statementMap": {
      "0": {
        "start": {
          "line": 1,
          "column": 0
        },
        "end": {
          "line": 1,
          "column": 44
        }
      },
      "1": {
        "start": {
          "line": 2,
          "column": 0
        },
        "end": {
          "line": 2,
          "column": 51
        }
      },
      "2": {
        "start": {
          "line": 3,
          "column": 0
        },
        "end": {
          "line": 3,
          "column": 51
        }
      },
      "3": {
        "start": {
          "line": 7,
          "column": 0
        },
        "end": {
          "line": 20,
          "column": null
        }
      },
      "4": {
        "start": {
          "line": 10,
          "column": 21
        },
        "end": {
          "line": 10,
          "column": 37
        }
      },
      "5": {
        "start": {
          "line": 15,
          "column": 4
        },
        "end": {
          "line": 17,
          "column": 7
        }
      },
      "6": {
        "start": {
          "line": 7,
          "column": 13
        },
        "end": {
          "line": 20,
          "column": null
        }
      },
      "7": {
        "start": {
          "line": 7,
          "column": 13
        },
        "end": {
          "line": 7,
          "column": 24
        }
      }
    },
    "fnMap": {
      "0": {
        "name": "(anonymous_4)",
        "decl": {
          "start": {
            "line": 8,
            "column": 2
          },
          "end": {
            "line": 8,
            "column": null
          }
        },
        "loc": {
          "start": {
            "line": 10,
            "column": 51
          },
          "end": {
            "line": 12,
            "column": 3
          }
        }
      },
      "1": {
        "name": "(anonymous_5)",
        "decl": {
          "start": {
            "line": 14,
            "column": 2
          },
          "end": {
            "line": 14,
            "column": 7
          }
        },
        "loc": {
          "start": {
            "line": 14,
            "column": 11
          },
          "end": {
            "line": 18,
            "column": 3
          }
        }
      }
    },
    "branchMap": {},
    "s": {
      "0": 2,
      "1": 2,
      "2": 2,
      "3": 2,
      "4": 0,
      "5": 0,
      "6": 2,
      "7": 2
    },
    "f": {
      "0": 0,
      "1": 0
    },
    "b": {}
  }
}
