TN:
SF:/Users/eyeline/Documents/nestjs/base/src/app.controller.ts
FN:6,(anonymous_2)
FN:9,(anonymous_3)
FNF:2
FNH:2
FNDA:1,(anonymous_2)
FNDA:1,(anonymous_3)
DA:1,1
DA:2,1
DA:5,1
DA:6,1
DA:9,1
DA:10,1
LF:6
LH:6
BRF:0
BRH:0
end_of_record
TN:
SF:/Users/eyeline/Documents/nestjs/base/src/app.service.ts
FN:5,(anonymous_1)
FNF:1
FNH:1
FNDA:1,(anonymous_1)
DA:1,1
DA:4,1
DA:6,1
LF:3
LH:3
BRF:0
BRH:0
end_of_record
TN:
SF:/Users/eyeline/Documents/nestjs/base/src/common/codeResponse/codeError.ts
FNF:0
FNH:0
DA:1,4
LF:1
LH:1
BRF:0
BRH:0
end_of_record
TN:
SF:/Users/eyeline/Documents/nestjs/base/src/common/utilities/utilities.ts
FN:45,(anonymous_1)
FN:59,(anonymous_2)
FN:73,(anonymous_3)
FN:78,(anonymous_4)
FN:82,(anonymous_5)
FN:93,(anonymous_6)
FN:104,(anonymous_7)
FNF:7
FNH:7
FNDA:2,(anonymous_1)
FNDA:2,(anonymous_2)
FNDA:2,(anonymous_3)
FNDA:2,(anonymous_4)
FNDA:3,(anonymous_5)
FNDA:3,(anonymous_6)
FNDA:2,(anonymous_7)
DA:2,3
DA:3,3
DA:5,3
DA:7,3
DA:43,3
DA:46,2
DA:47,1
DA:48,1
DA:49,1
DA:50,1
DA:51,5
DA:53,1
DA:55,1
DA:60,2
DA:61,1
DA:62,1
DA:63,1
DA:64,1
DA:65,5
DA:67,1
DA:69,1
DA:74,2
DA:75,2
DA:79,2
DA:83,3
DA:84,2
DA:85,2
DA:86,2
DA:87,2
DA:89,1
DA:94,3
DA:95,2
DA:96,2
DA:97,2
DA:98,2
DA:100,1
DA:105,2
LF:37
LH:37
BRDA:46,0,0,1
BRDA:46,0,1,1
BRDA:46,1,0,2
BRDA:46,1,1,1
BRDA:60,2,0,1
BRDA:60,2,1,1
BRDA:60,3,0,2
BRDA:60,3,1,1
BRDA:83,4,0,2
BRDA:83,4,1,1
BRDA:94,5,0,2
BRDA:94,5,1,1
BRF:12
BRH:12
end_of_record
TN:
SF:/Users/eyeline/Documents/nestjs/base/src/config/config.keys.ts
FN:1,(anonymous_0)
FNF:1
FNH:1
FNDA:2,(anonymous_0)
DA:1,2
DA:2,2
DA:3,2
DA:4,2
DA:5,2
DA:6,2
DA:7,2
DA:8,2
LF:8
LH:8
BRDA:1,0,0,2
BRDA:1,0,1,2
BRF:2
BRH:2
end_of_record
TN:
SF:/Users/eyeline/Documents/nestjs/base/src/config/config.module.ts
FNF:0
FNH:0
DA:1,2
DA:2,2
DA:13,2
LF:3
LH:3
BRF:0
BRH:0
end_of_record
TN:
SF:/Users/eyeline/Documents/nestjs/base/src/config/config.service.ts
FN:7,(anonymous_0)
FN:25,(anonymous_1)
FNF:2
FNH:2
FNDA:4,(anonymous_0)
FNDA:2,(anonymous_1)
DA:1,2
DA:2,2
DA:4,2
DA:8,4
DA:9,4
DA:10,4
DA:11,4
DA:12,4
DA:14,0
DA:16,4
DA:19,0
DA:26,2
LF:12
LH:10
BRDA:9,0,0,4
BRDA:9,0,1,0
BRDA:12,1,0,0
BRDA:12,1,1,4
BRF:4
BRH:2
end_of_record
TN:
SF:/Users/eyeline/Documents/nestjs/base/src/modules/auth/auth.controller.ts
FN:7,(anonymous_4)
FN:11,(anonymous_5)
FN:16,(anonymous_6)
FNF:3
FNH:0
FNDA:0,(anonymous_4)
FNDA:0,(anonymous_5)
FNDA:0,(anonymous_6)
DA:1,4
DA:2,4
DA:3,4
DA:6,4
DA:7,0
DA:11,4
DA:12,0
DA:16,4
DA:17,0
LF:9
LH:6
BRF:0
BRH:0
end_of_record
TN:
SF:/Users/eyeline/Documents/nestjs/base/src/modules/auth/auth.module.ts
FN:22,(anonymous_1)
FNF:1
FNH:1
FNDA:2,(anonymous_1)
DA:1,2
DA:2,2
DA:3,2
DA:4,2
DA:6,2
DA:7,2
DA:8,2
DA:9,2
DA:10,2
DA:11,2
DA:12,2
DA:13,2
DA:23,2
DA:36,2
LF:14
LH:14
BRF:0
BRH:0
end_of_record
TN:
SF:/Users/eyeline/Documents/nestjs/base/src/modules/auth/auth.service.ts
FN:11,(anonymous_4)
FN:17,(anonymous_5)
FN:41,(anonymous_6)
FN:42,(anonymous_7)
FN:56,(anonymous_8)
FNF:5
FNH:0
FNDA:0,(anonymous_4)
FNDA:0,(anonymous_5)
FNDA:0,(anonymous_6)
FNDA:0,(anonymous_7)
FNDA:0,(anonymous_8)
DA:1,4
DA:2,4
DA:3,4
DA:5,4
DA:6,4
DA:7,4
DA:10,4
DA:13,0
DA:14,0
DA:18,0
DA:19,0
DA:20,0
DA:24,0
DA:25,0
DA:29,0
DA:34,0
DA:42,0
DA:43,0
DA:46,0
DA:47,0
DA:48,0
DA:50,0
DA:57,0
DA:60,0
DA:61,0
LF:25
LH:7
BRDA:19,0,0,0
BRDA:19,0,1,0
BRDA:24,1,0,0
BRDA:24,1,1,0
BRDA:46,2,0,0
BRDA:46,2,1,0
BRDA:47,3,0,0
BRDA:47,3,1,0
BRDA:60,4,0,0
BRDA:60,4,1,0
BRF:10
BRH:0
end_of_record
TN:
SF:/Users/eyeline/Documents/nestjs/base/src/modules/auth/dto/index.ts
FNF:0
FNH:0
DA:1,4
DA:2,4
LF:2
LH:2
BRF:0
BRH:0
end_of_record
TN:
SF:/Users/eyeline/Documents/nestjs/base/src/modules/auth/dto/login.dto.ts
FNF:0
FNH:0
DA:1,4
DA:3,4
DA:6,4
DA:12,4
LF:4
LH:4
BRF:0
BRH:0
end_of_record
TN:
SF:/Users/eyeline/Documents/nestjs/base/src/modules/auth/dto/register.dto.ts
FNF:0
FNH:0
DA:1,4
DA:3,4
DA:6,4
DA:10,4
DA:14,4
LF:5
LH:5
BRF:0
BRH:0
end_of_record
TN:
SF:/Users/eyeline/Documents/nestjs/base/src/modules/auth/strategies/jwt.strategy.ts
FN:12,(anonymous_4)
FN:23,(anonymous_5)
FNF:2
FNH:0
FNDA:0,(anonymous_4)
FNDA:0,(anonymous_5)
DA:1,2
DA:2,2
DA:3,2
DA:4,2
DA:5,2
DA:6,2
DA:7,2
DA:10,2
DA:13,0
DA:15,0
DA:17,0
DA:24,0
DA:25,0
DA:28,0
DA:29,0
DA:32,0
LF:16
LH:8
BRDA:28,0,0,0
BRDA:28,0,1,0
BRF:2
BRH:0
end_of_record
TN:
SF:/Users/eyeline/Documents/nestjs/base/src/modules/user/user.controller.ts
FN:9,(anonymous_2)
FN:13,(anonymous_3)
FNF:2
FNH:0
FNDA:0,(anonymous_2)
FNDA:0,(anonymous_3)
DA:1,2
DA:2,2
DA:4,2
DA:8,2
DA:9,0
DA:13,2
DA:14,0
LF:7
LH:5
BRF:0
BRH:0
end_of_record
TN:
SF:/Users/eyeline/Documents/nestjs/base/src/modules/user/user.entity.ts
FNF:0
FNH:0
DA:1,4
DA:4,4
DA:10,4
DA:17,4
DA:24,4
DA:31,4
DA:38,4
DA:45,4
DA:51,4
DA:57,4
DA:64,4
DA:71,4
DA:78,4
DA:84,4
DA:90,4
DA:96,4
LF:16
LH:16
BRF:0
BRH:0
end_of_record
TN:
SF:/Users/eyeline/Documents/nestjs/base/src/modules/user/user.repository.ts
FNF:0
FNH:0
DA:1,4
DA:2,4
DA:5,4
LF:3
LH:3
BRF:0
BRH:0
end_of_record
TN:
SF:/Users/eyeline/Documents/nestjs/base/src/modules/user/user.service.ts
FN:8,(anonymous_4)
FN:14,(anonymous_5)
FNF:2
FNH:0
FNDA:0,(anonymous_4)
FNDA:0,(anonymous_5)
DA:1,2
DA:2,2
DA:3,2
DA:7,2
DA:10,0
DA:15,0
LF:6
LH:4
BRF:0
BRH:0
end_of_record
